c:\users\misaki\desktop\test\bv\bv\x64\debug\vc120.pdb
c:\users\misaki\desktop\test\bv\bv\x64\debug\temperature_contrl.obj
c:\users\misaki\desktop\test\bv\bv\x64\debug\savedatapath.obj
c:\users\misaki\desktop\test\bv\bv\x64\debug\savedata1.obj
c:\users\misaki\desktop\test\bv\bv\x64\debug\mydialog.obj
c:\users\misaki\desktop\test\bv\bv\x64\debug\main.obj
c:\users\misaki\desktop\test\bv\bv\x64\debug\moc_mydialog.obj
c:\users\misaki\desktop\test\bv\bv\x64\debug\moc_bv.obj
c:\users\misaki\desktop\test\bv\bv\x64\debug\bv.obj
c:\users\misaki\desktop\test\bv\bv\x64\debug\qrc_bv.obj
c:\users\misaki\desktop\test\bv\bv\x64\debug\check.obj
c:\users\misaki\desktop\test\bv\bv\generatedfiles\qrc_bv.cpp
c:\users\misaki\desktop\test\bv\bv\generatedfiles\debug\moc_mydialog.cpp
c:\users\misaki\desktop\test\bv\bv\generatedfiles\ui_mydialog.h
c:\users\misaki\desktop\test\bv\bv\generatedfiles\ui_bv.h
c:\users\misaki\desktop\test\bv\bv\generatedfiles\debug\moc_bv.cpp
c:\users\misaki\desktop\test\bv\x64\debug\bv.ilk
c:\users\misaki\desktop\test\bv\x64\debug\bv.exe
c:\users\misaki\desktop\test\bv\x64\debug\bv.pdb
c:\users\37883\desktop\test\bv\bv\x64\debug\bv.obj
c:\users\37883\desktop\test\bv\bv\x64\debug\check.obj
c:\users\37883\desktop\test\bv\bv\x64\debug\main.obj
c:\users\37883\desktop\test\bv\bv\x64\debug\moc_bv.obj
c:\users\37883\desktop\test\bv\bv\x64\debug\moc_mydialog.obj
c:\users\37883\desktop\test\bv\bv\x64\debug\mydialog.obj
c:\users\37883\desktop\test\bv\bv\x64\debug\qrc_bv.obj
c:\users\37883\desktop\test\bv\bv\x64\debug\savedata1.obj
c:\users\37883\desktop\test\bv\bv\x64\debug\savedatapath.obj
c:\users\37883\desktop\test\bv\bv\x64\debug\temperature_contrl.obj
c:\users\37883\desktop\test\bv\bv\x64\debug\vc120.pdb
c:\users\37883\desktop\test\bv\x64\debug\bv.pdb
c:\users\37883\desktop\test\bv\x64\debug\bv.exe
c:\users\37883\desktop\test\bv\x64\debug\bv.ilk
c:\users\37883\desktop\test\bv\bv\x64\debug\bv.tlog\cl.command.1.tlog
c:\users\37883\desktop\test\bv\bv\x64\debug\bv.tlog\cl.read.1.tlog
c:\users\37883\desktop\test\bv\bv\x64\debug\bv.tlog\cl.write.1.tlog
c:\users\37883\desktop\test\bv\bv\x64\debug\bv.tlog\custombuild.command.1.tlog
c:\users\37883\desktop\test\bv\bv\x64\debug\bv.tlog\custombuild.read.1.tlog
c:\users\37883\desktop\test\bv\bv\x64\debug\bv.tlog\custombuild.write.1.tlog
c:\users\37883\desktop\test\bv\bv\x64\debug\bv.tlog\link.command.1.tlog
c:\users\37883\desktop\test\bv\bv\x64\debug\bv.tlog\link.read.1.tlog
c:\users\37883\desktop\test\bv\bv\x64\debug\bv.tlog\link.write.1.tlog
